<?xml version="1.0" encoding="UTF-8"?>
<!-- Generated by org.testng.reporters.JUnitXMLReporter -->
<testsuite ignored="1" hostname="Murali" failures="0" tests="1" name="Default test" time="14.569" errors="0" timestamp="2025-01-18T15:24:01 IST">
  <testcase classname="com.testclasses.RegisterationPageTest" name="registerationPageTest" time="14.529"/>
  <testcase classname="com.testclasses.RegisterTest" name="registerpage" time="0.0">
    <ignored/>
  </testcase> <!-- registerpage -->
</testsuite> <!-- Default test -->
