<?xml version="1.0" encoding="UTF-8"?>
<!-- Generated by org.testng.reporters.JUnitXMLReporter -->
<testsuite ignored="0" hostname="Murali" failures="1" tests="2" name="Test" time="1.262" errors="0" timestamp="2025-01-18T14:25:30 IST">
  <testcase classname="com.testclasses.RegisterTest" name="registerpage" time="0.633"/>
  <testcase classname="com.testclasses.RegisterationPageTest" name="registerationPageTest" time="0.548">
    <failure type="java.lang.NullPointerException" message="Cannot invoke &amp;quot;org.openqa.selenium.SearchContext.findElement(org.openqa.selenium.By)&amp;quot; because &amp;quot;this.searchContext&amp;quot; is null">
      <![CDATA[java.lang.NullPointerException: Cannot invoke "org.openqa.selenium.SearchContext.findElement(org.openqa.selenium.By)" because "this.searchContext" is null
at org.openqa.selenium.support.pagefactory.DefaultElementLocator.findElement(DefaultElementLocator.java:68)
at org.openqa.selenium.support.pagefactory.internal.LocatingElementHandler.invoke(LocatingElementHandler.java:38)
at jdk.proxy2/jdk.proxy2.$Proxy11.clear(Unknown Source)
at com.pom.classes.RegisterationPage.firstName(RegisterationPage.java:39)
at com.testclasses.RegisterationPageTest.registerationPageTest(RegisterationPageTest.java:17)
at java.base/java.util.ArrayList.forEach(ArrayList.java:1511)
... Removed 27 stack frames]]>
    </failure>
  </testcase> <!-- registerationPageTest -->
</testsuite> <!-- Test -->
