<?xml version="1.0" encoding="UTF-8"?>
<testng-results ignored="0" total="1" passed="1" failed="0" skipped="0">
  <reporter-output>
  </reporter-output>
  <suite started-at="2025-01-18T15:23:46 IST" name="Default suite" finished-at="2025-01-18T15:24:01 IST" duration-ms="14569">
    <groups>
    </groups>
    <test started-at="2025-01-18T15:23:46 IST" name="Default test" finished-at="2025-01-18T15:24:01 IST" duration-ms="14569">
      <class name="com.testclasses.RegisterationPageTest">
        <test-method is-config="true" signature="setup()[pri:0, instance:com.testclasses.RegisterationPageTest@19932c16]" started-at="2025-01-18T15:23:44 IST" name="setup" finished-at="2025-01-18T15:23:46 IST" duration-ms="2182" status="PASS">
          <reporter-output>
          </reporter-output>
        </test-method> <!-- setup -->
        <test-method signature="registerationPageTest()[pri:0, instance:com.testclasses.RegisterationPageTest@19932c16]" started-at="2025-01-18T15:23:46 IST" name="registerationPageTest" finished-at="2025-01-18T15:24:01 IST" duration-ms="14529" status="PASS">
          <reporter-output>
          </reporter-output>
        </test-method> <!-- registerationPageTest -->
        <test-method is-config="true" signature="teardown()[pri:0, instance:com.testclasses.RegisterationPageTest@19932c16]" started-at="2025-01-18T15:24:01 IST" name="teardown" finished-at="2025-01-18T15:24:01 IST" duration-ms="276" status="PASS">
          <reporter-output>
          </reporter-output>
        </test-method> <!-- teardown -->
      </class> <!-- com.testclasses.RegisterationPageTest -->
    </test> <!-- Default test -->
  </suite> <!-- Default suite -->
</testng-results>
